C51 COMPILER V9.56.0.0   LED                                                               02/07/2021 06:57:53 PAGE 1   


C51 COMPILER V9.56.0.0, COMPILATION OF MODULE LED
OBJECT MODULE PLACED IN .\Objects\led.obj
COMPILER INVOKED BY: C:\Keil_v5\MDK\C51\BIN\C51.EXE led.c OPTIMIZE(8,SPEED) BROWSE DEBUG OBJECTEXTEND PRINT(.\Listings\l
                    -ed.lst) TABS(2) OBJECT(.\Objects\led.obj)

line level    source

   1          
   2          #include <reg51.h>
   3          /*
   4              需要连接J2
   5           */
   6          
   7          //宏定义
   8          #define LED_PORT        P1
   9          
  10          //LED全亮
  11          void led_allOn()
  12          {
  13   1          LED_PORT = 0;
  14   1      }
  15          
  16          //LED全灭
  17          void led_allOff()
  18          {
  19   1          LED_PORT = 0xff;
  20   1      }
  21          
  22          //点亮第n盏灯
  23          //number: 0~7，（0对应D1）
  24          void led_onNumber(unsigned char number)
  25          {
  26   1          LED_PORT &= ~(1<<number);
  27   1      }
  28          
  29          //熄灭第n盏灯
  30          //number: 0~7，（0对应D1）
  31          void led_offNumber(unsigned char number)
  32          {
  33   1          LED_PORT |= 1<<number;
  34   1      }
  35          
  36          //翻转第n盏灯
  37          void led_toggleNumber(unsigned char number)
  38          {
  39   1          LED_PORT ^= 1<<number;
  40   1      }


MODULE INFORMATION:   STATIC OVERLAYABLE
   CODE SIZE        =     51    ----
   CONSTANT SIZE    =   ----    ----
   XDATA SIZE       =   ----    ----
   PDATA SIZE       =   ----    ----
   DATA SIZE        =   ----    ----
   IDATA SIZE       =   ----    ----
   BIT SIZE         =   ----    ----
END OF MODULE INFORMATION.


C51 COMPILATION COMPLETE.  0 WARNING(S),  0 ERROR(S)
