C51 COMPILER V9.56.0.0   UART                                                              02/07/2021 06:57:54 PAGE 1   


C51 COMPILER V9.56.0.0, COMPILATION OF MODULE UART
OBJECT MODULE PLACED IN .\Objects\uart.obj
COMPILER INVOKED BY: C:\Keil_v5\MDK\C51\BIN\C51.EXE uart.c OPTIMIZE(8,SPEED) BROWSE DEBUG OBJECTEXTEND PRINT(.\Listings\
                    -uart.lst) TABS(2) OBJECT(.\Objects\uart.obj)

line level    source

   1          
   2          #include <reg51.h>
   3          
   4          #include "uart.h"
   5          #include "timer.h"
   6          
   7          void uart_init(void)    //9600bps@11.0592MHz
   8          {
   9   1        PCON &= 0x7F;       
  10   1        SCON = 0x50;        //使能接收
  11   1        TMOD &= 0x0F;     
  12   1        TMOD |= 0x20;       //T1采用方式2,用于产生波特率
  13   1        TL1 = 0xFD;             //设置初值
  14   1        TH1 = 0xFD;           //设置初值
  15   1          
  16   1        ES = 1;                 //开中断
  17   1        EA = 1;               
  18   1        TR1 = 1;             //使能T1
  19   1      }
  20          
  21          void uart_sendByte(unsigned char ch)
  22          {
  23   1        ES = 0;                  //暂停中断（发送不采用中断）
  24   1        SBUF = ch;              //发数据
  25   1        while(TI == 0){}         //等待发送完毕
  26   1        TI = 0;                  //清标记
  27   1        ES = 1;                 //开中断
  28   1      }
  29          
  30          void uart_sendStr(unsigned char *str)
  31          {
  32   1        while(*str != '\0')
  33   1        {
  34   2          uart_sendByte(*str);                //发送字符
  35   2          str++;                                  //偏移指针
  36   2        }
  37   1      }
  38          
  39          unsigned char rx_ok = 0;           //接收完成同步标记
  40          unsigned char rx_buf[10] = {0};      //接收数据缓冲区
  41          unsigned char uart_cnt = 0;
  42          unsigned char rx_start = 0;              //开始接收数据标记
  43          unsigned char rx_timeout = 0;      //接收超时
  44          
  45          void uart_irq() interrupt 4
  46          {
  47   1        if(TI == 1)
  48   1          TI = 0;
  49   1        else if(RI == 1)
  50   1        {
  51   2              rx_start = 1;                                      //开始接收标记置1
  52   2          RI = 0;                             //清标记
  53   2          rx_timeout = 0;                 //清两次接收之间的时间值
  54   2          
C51 COMPILER V9.56.0.0   UART                                                              02/07/2021 06:57:54 PAGE 2   

  55   2          rx_buf[uart_cnt] = SBUF;          //接收数据
  56   2          uart_cnt++;
  57   2          if(uart_cnt == 9)
  58   2          {
  59   3            rx_buf[uart_cnt] = '\0';      //最多接收9个字符（最后一个位置存'\0')
  60   3            uart_cnt = 0;
  61   3            rx_ok = 1;
  62   3          }
  63   2        }
  64   1      }


MODULE INFORMATION:   STATIC OVERLAYABLE
   CODE SIZE        =    115    ----
   CONSTANT SIZE    =   ----    ----
   XDATA SIZE       =   ----    ----
   PDATA SIZE       =   ----    ----
   DATA SIZE        =     14    ----
   IDATA SIZE       =   ----    ----
   BIT SIZE         =   ----    ----
END OF MODULE INFORMATION.


C51 COMPILATION COMPLETE.  0 WARNING(S),  0 ERROR(S)
